<?xml version="1.0" encoding="UTF-8"?>
<testsuite xmlns:xsi="http://www.w3.org/2001/XMLSchema-instance" xsi:noNamespaceSchemaLocation="https://maven.apache.org/surefire/maven-surefire-plugin/xsd/surefire-test-report.xsd" name="org.tiger.codegen.BytecodeGeneratorTest" time="0.07" tests="1" errors="0" skipped="0" failures="0">
  <properties>
    <property name="sun.desktop" value="windows"/>
    <property name="awt.toolkit" value="sun.awt.windows.WToolkit"/>
    <property name="java.specification.version" value="11"/>
    <property name="sun.cpu.isalist" value="amd64"/>
    <property name="sun.jnu.encoding" value="GBK"/>
    <property name="java.class.path" value="D:\mycoding\jcompiler\target\test-classes;D:\mycoding\jcompiler\target\classes;D:\java\maven_repository\org\antlr\antlr4-runtime\4.13.1\antlr4-runtime-4.13.1.jar;D:\java\maven_repository\org\ow2\asm\asm\9.6\asm-9.6.jar;D:\java\maven_repository\junit\junit\4.13.2\junit-4.13.2.jar;D:\java\maven_repository\org\hamcrest\hamcrest-core\1.3\hamcrest-core-1.3.jar;D:\java\maven_repository\org\slf4j\slf4j-api\2.0.9\slf4j-api-2.0.9.jar;D:\java\maven_repository\ch\qos\logback\logback-classic\1.4.11\logback-classic-1.4.11.jar;D:\java\maven_repository\ch\qos\logback\logback-core\1.4.11\logback-core-1.4.11.jar;"/>
    <property name="java.vm.vendor" value="Oracle Corporation"/>
    <property name="sun.arch.data.model" value="64"/>
    <property name="user.variant" value=""/>
    <property name="java.vendor.url" value="https://openjdk.java.net/"/>
    <property name="user.timezone" value="Asia/Shanghai"/>
    <property name="java.vm.specification.version" value="11"/>
    <property name="os.name" value="Windows 11"/>
    <property name="sun.java.launcher" value="SUN_STANDARD"/>
    <property name="user.country" value="CN"/>
    <property name="sun.boot.library.path" value="C:\Program Files\Java\jdk-11\bin"/>
    <property name="sun.java.command" value="D:\TEMPFI~1\surefire5947234533717801318\surefirebooter7381635856676842899.jar D:\TempFiles\surefire5947234533717801318 2025-04-03T09-08-17_740-jvmRun1 surefire5813000620808968071tmp surefire_06051503780302225818tmp"/>
    <property name="jdk.debug" value="release"/>
    <property name="test" value="BytecodeGeneratorTest"/>
    <property name="surefire.test.class.path" value="D:\mycoding\jcompiler\target\test-classes;D:\mycoding\jcompiler\target\classes;D:\java\maven_repository\org\antlr\antlr4-runtime\4.13.1\antlr4-runtime-4.13.1.jar;D:\java\maven_repository\org\ow2\asm\asm\9.6\asm-9.6.jar;D:\java\maven_repository\junit\junit\4.13.2\junit-4.13.2.jar;D:\java\maven_repository\org\hamcrest\hamcrest-core\1.3\hamcrest-core-1.3.jar;D:\java\maven_repository\org\slf4j\slf4j-api\2.0.9\slf4j-api-2.0.9.jar;D:\java\maven_repository\ch\qos\logback\logback-classic\1.4.11\logback-classic-1.4.11.jar;D:\java\maven_repository\ch\qos\logback\logback-core\1.4.11\logback-core-1.4.11.jar;"/>
    <property name="sun.cpu.endian" value="little"/>
    <property name="user.home" value="C:\Users\金磊"/>
    <property name="user.language" value="zh"/>
    <property name="java.specification.vendor" value="Oracle Corporation"/>
    <property name="java.version.date" value="2024-04-16"/>
    <property name="java.home" value="C:\Program Files\Java\jdk-11"/>
    <property name="file.separator" value="\"/>
    <property name="basedir" value="D:\mycoding\jcompiler"/>
    <property name="java.vm.compressedOopsMode" value="Zero based"/>
    <property name="line.separator" value="&#10;"/>
    <property name="java.specification.name" value="Java Platform API Specification"/>
    <property name="java.vm.specification.vendor" value="Oracle Corporation"/>
    <property name="java.awt.graphicsenv" value="sun.awt.Win32GraphicsEnvironment"/>
    <property name="surefire.real.class.path" value="D:\TEMPFI~1\surefire5947234533717801318\surefirebooter7381635856676842899.jar"/>
    <property name="user.script" value=""/>
    <property name="sun.management.compiler" value="HotSpot 64-Bit Tiered Compilers"/>
    <property name="java.runtime.version" value="11.0.23+7-LTS-222"/>
    <property name="user.name" value="金磊"/>
    <property name="path.separator" value=";"/>
    <property name="os.version" value="10.0"/>
    <property name="java.runtime.name" value="Java(TM) SE Runtime Environment"/>
    <property name="file.encoding" value="GBK"/>
    <property name="java.vm.name" value="Java HotSpot(TM) 64-Bit Server VM"/>
    <property name="java.vendor.version" value="18.9"/>
    <property name="localRepository" value="D:\java\maven_repository"/>
    <property name="java.vendor.url.bug" value="https://bugreport.java.com/bugreport/"/>
    <property name="java.io.tmpdir" value="D:\TEMPFI~1\"/>
    <property name="java.version" value="11.0.23"/>
    <property name="user.dir" value="D:\mycoding\jcompiler"/>
    <property name="os.arch" value="amd64"/>
    <property name="java.vm.specification.name" value="Java Virtual Machine Specification"/>
    <property name="java.awt.printerjob" value="sun.awt.windows.WPrinterJob"/>
    <property name="sun.os.patch.level" value=""/>
    <property name="java.library.path" value="C:\Program Files\Java\jdk-11\bin;C:\WINDOWS\Sun\Java\bin;C:\WINDOWS\system32;C:\WINDOWS;C:\Program Files (x86)\Common Files\Intel\Shared Libraries\redist\intel64\compiler;D:\Program Files (x86)\VMware\VMware Workstation\bin\;D:\java\apache-maven-3.8.6\bin;C:\Program Files\NVIDIA GPU Computing Toolkit\CUDA\v11.6\bin;C:\Program Files\NVIDIA GPU Computing Toolkit\CUDA\v11.6\libnvvp;C:\Program Files\Java\jdk-11\bin;D:\Program Files\apache-tomcat-8.5.79\bin;C:\Program Files\Python39\Scripts\;C:\Program Files\Python39\;C:\Program Files\PlasticSCM5\server;C:\Program Files\PlasticSCM5\client;C:\Windows\system32;C:\Windows;C:\Windows\System32\Wbem;C:\Windows\System32\WindowsPowerShell\v1.0\;C:\Windows\System32\OpenSSH\;C:\Program Files (x86)\NVIDIA Corporation\PhysX\Common;C:\Program Files\NVIDIA Corporation\NVIDIA NvDLISR;C:\WINDOWS\system32;C:\WINDOWS;C:\WINDOWS\System32\Wbem;C:\WINDOWS\System32\WindowsPowerShell\v1.0\;C:\WINDOWS\System32\OpenSSH\;C:\Program Files\dotnet\;C:\Program Files\CMake\bin;C:\Program Files\MySQL\MySQL Server 8.0\bin;C:\Users\金磊\AppData\Roaming\Python\Python39\Scripts;D;\Program Files\nodejs\;C:\Program Files\Git\cmd;C:\Program Files\TortoiseGit\bin;C:\Program Files\NVIDIA GPU Computing Toolkit\CUDA\v11.6\include;C:\Program Files\NVIDIA GPU Computing Toolkit\CUDA\v11.6\lib;C:\Program Files\NVIDIA Corporation\Nsight Compute 2022.1.0\;C:\WINDOWS\system32;C:\WINDOWS;C:\WINDOWS\System32\Wbem;C:\WINDOWS\System32\WindowsPowerShell\v1.0\;C:\WINDOWS\System32\OpenSSH\;D:\mycoding\Loadrunner\EXE\strawberry-perl\perl\bin;&quot;%JMETER_HOME%\lib\ext\ApacheJMeter_core.jar;%JMETER_HOME%\lib\jorphan.jar;%JMETER_HOME%\lib\logkit-2.0.jar;&quot;;%NEO4J_HOME%\bin;D:\Download\Xshell\;D:\Download\Xftp\;C:\Program Files (x86)\Windows Kits\10\Windows Performance Toolkit\;D:\Download\UFT\ccccc\bin;C:\Users\金磊\AppData\Local\Programs\Python\Python38\Scripts\;C:\Users\金磊\AppData\Local\Programs\Python\Python38\;C:\Users\金磊\AppData\Local\Microsoft\WindowsApps;C:\Users\金磊\.dotnet\tools;D:\Program Files\nodejs\node_global;D:\Program Files\nodejs\node_cache;D:\PyCharm 2021.3\bin;D:\PyCharm Community Edition 2022.2.1\bin;D:\IDEA\IntelliJ IDEA 2022.3\bin;C:\Users\金磊\Fiddler;D:\mycoding\Fiddler;C:\Users\金磊\AppData\Local\Microsoft\WindowsApps;D:\Download\Microsoft VS Code\bin;D:\Download\msys64\ucrt64\bin;C:\Program Files\CMake\bin;D:\GameDownload\cursor\resources\app\bin;."/>
    <property name="java.vendor" value="Oracle Corporation"/>
    <property name="java.vm.info" value="mixed mode"/>
    <property name="java.vm.version" value="11.0.23+7-LTS-222"/>
    <property name="java.specification.maintenance.version" value="2"/>
    <property name="sun.io.unicode.encoding" value="UnicodeLittle"/>
    <property name="java.class.version" value="55.0"/>
  </properties>
  <testcase name="testGenerateClass" classname="org.tiger.codegen.BytecodeGeneratorTest" time="0.029"/>
</testsuite>